<?xml version="1.0" encoding="UTF-8"?>
<!-- Generated by org.testng.reporters.JUnitReportReporter -->
<testsuite skipped="0" hostname="LAPTOP-L54RH28E" name="com.selbot.testcases.TC002_DuplicateLead" tests="1" failures="0" timestamp="20 Apr 2019 11:27:17 GMT" time="20.271" errors="0">
  <testcase name="duplicateLead" time="20.271" classname="com.selbot.testcases.TC002_DuplicateLead"/>
</testsuite> <!-- com.selbot.testcases.TC002_DuplicateLead -->
