<?xml version="1.0" encoding="UTF-8"?>
<!-- Generated by org.testng.reporters.JUnitReportReporter -->
<testsuite skipped="0" hostname="LAPTOP-L54RH28E" name="com.selbot.testcases.TC001_CreateLead" tests="2" failures="0" timestamp="20 Apr 2019 09:32:11 GMT" time="41.906" errors="0">
  <testcase name="createLead" time="22.625" classname="com.selbot.testcases.TC001_CreateLead"/>
  <testcase name="createLead" time="19.281" classname="com.selbot.testcases.TC001_CreateLead"/>
</testsuite> <!-- com.selbot.testcases.TC001_CreateLead -->
